[debug] [2018-04-09T11:42:21.969Z] ----------------------------------------------------------------------
[debug] [2018-04-09T11:42:21.971Z] Command:       C:\Program Files\nodejs\node.exe C:\Users\aelouara\AppData\Roaming\npm\node_modules\firebase-tools\bin\firebase init
[debug] [2018-04-09T11:42:21.971Z] CLI Version:   3.18.0
[debug] [2018-04-09T11:42:21.971Z] Platform:      win32
[debug] [2018-04-09T11:42:21.971Z] Node Version:  v8.9.4
[debug] [2018-04-09T11:42:21.975Z] Time:          Mon Apr 09 2018 12:42:21 GMT+0100 (Maroc (heure d’été))
[debug] [2018-04-09T11:42:21.975Z] ----------------------------------------------------------------------
[debug] 
[debug] [2018-04-09T11:42:21.996Z] > command requires scopes: ["email","openid","https://www.googleapis.com/auth/cloudplatformprojects.readonly","https://www.googleapis.com/auth/firebase"]
[debug] [2018-04-09T11:42:21.997Z] > authorizing via signed-in user
[info] 
     ######## #### ########  ######## ########     ###     ######  ########
     ##        ##  ##     ## ##       ##     ##  ##   ##  ##       ##
     ######    ##  ########  ######   ########  #########  ######  ######
     ##        ##  ##    ##  ##       ##     ## ##     ##       ## ##
     ##       #### ##     ## ######## ########  ##     ##  ######  ########

You're about to initialize a Firebase project in this directory:

  C:\Users\aelouara\projects\organic-shop

[info] 
=== Project Setup
[info] 
[info] First, let's associate this project directory with a Firebase project.
[info] You can create multiple project aliases by running firebase use --add, 
[info] but for now we'll just set up a default project.
[info] 
[debug] [2018-04-09T11:42:31.065Z] > refreshing access token with scopes: ["email","https://www.googleapis.com/auth/cloudplatformprojects.readonly","https://www.googleapis.com/auth/firebase","openid"]
[debug] [2018-04-09T11:42:31.065Z] >>> HTTP REQUEST POST https://www.googleapis.com/oauth2/v3/token  
 { refresh_token: '1/WagVWv2Uyf6mFY1icMfwgbJVB1Lcc0BJs0YyBAgvVjI',
  client_id: '563584335869-fgrhgmd47bqnekij5i8b5pr03ho849e6.apps.googleusercontent.com',
  client_secret: 'j9iVZfS8kkCEFUPaAeJV0sAi',
  grant_type: 'refresh_token',
  scope: 'email https://www.googleapis.com/auth/cloudplatformprojects.readonly https://www.googleapis.com/auth/firebase openid' } 
 Mon Apr 09 2018 12:42:31 GMT+0100 (Maroc (heure d’été))
[debug] [2018-04-09T11:42:31.400Z] <<< HTTP RESPONSE 200
[debug] [2018-04-09T11:42:31.430Z] >>> HTTP REQUEST GET https://admin.firebase.com/v1/projects  
  
 Mon Apr 09 2018 12:42:31 GMT+0100 (Maroc (heure d’été))
[debug] [2018-04-09T11:42:32.686Z] Error: self signed certificate in certificate chain
    at TLSSocket.<anonymous> (_tls_wrap.js:1103:38)
    at emitNone (events.js:106:13)
    at TLSSocket.emit (events.js:208:7)
    at TLSSocket._finishInit (_tls_wrap.js:637:8)
    at TLSWrap.ssl.onhandshakedone (_tls_wrap.js:467:38)
[error] 
[error] Error: Server Error. self signed certificate in certificate chain
